C:\MCDU WORKSPACE\SDU781_UDP_MCDUSIM\AERO\CPREWORK\MCDUSIM\WXRC-UTIL\VC_MSWU\WXRC.EXE
C:\MCDU WORKSPACE\SDU781_UDP_MCDUSIM\AERO\CPREWORK\MCDUSIM\WXRC-UTIL\VC_MSWU\WXRC.PDB
C:\MCDU workspace\sdu781_udp_mcdusim\Aero\cprework\mcdusim\wxrc-util\vc_mswu\wxrc\cl.command.1.tlog
C:\MCDU workspace\sdu781_udp_mcdusim\Aero\cprework\mcdusim\wxrc-util\vc_mswu\wxrc\CL.read.1.tlog
C:\MCDU workspace\sdu781_udp_mcdusim\Aero\cprework\mcdusim\wxrc-util\vc_mswu\wxrc\CL.write.1.tlog
C:\MCDU workspace\sdu781_udp_mcdusim\Aero\cprework\mcdusim\wxrc-util\vc_mswu\wxrc\link.command.1.tlog
C:\MCDU workspace\sdu781_udp_mcdusim\Aero\cprework\mcdusim\wxrc-util\vc_mswu\wxrc\link.read.1.tlog
C:\MCDU workspace\sdu781_udp_mcdusim\Aero\cprework\mcdusim\wxrc-util\vc_mswu\wxrc\link.write.1.tlog
C:\MCDU workspace\sdu781_udp_mcdusim\Aero\cprework\mcdusim\wxrc-util\vc_mswu\wxrc\link-cvtres.read.1.tlog
C:\MCDU workspace\sdu781_udp_mcdusim\Aero\cprework\mcdusim\wxrc-util\vc_mswu\wxrc\link-cvtres.write.1.tlog
C:\MCDU workspace\sdu781_udp_mcdusim\Aero\cprework\mcdusim\wxrc-util\vc_mswu\wxrc\mt.command.1.tlog
C:\MCDU workspace\sdu781_udp_mcdusim\Aero\cprework\mcdusim\wxrc-util\vc_mswu\wxrc\mt.read.1.tlog
C:\MCDU workspace\sdu781_udp_mcdusim\Aero\cprework\mcdusim\wxrc-util\vc_mswu\wxrc\mt.write.1.tlog
C:\MCDU workspace\sdu781_udp_mcdusim\Aero\cprework\mcdusim\wxrc-util\vc_mswu\wxrc\rc.command.1.tlog
C:\MCDU workspace\sdu781_udp_mcdusim\Aero\cprework\mcdusim\wxrc-util\vc_mswu\wxrc\rc.read.1.tlog
C:\MCDU workspace\sdu781_udp_mcdusim\Aero\cprework\mcdusim\wxrc-util\vc_mswu\wxrc\rc.write.1.tlog
C:\MCDU WORKSPACE\SDU781_UDP_MCDUSIM\AERO\CPREWORK\MCDUSIM\WXRC-UTIL\VC_MSWU\WXRC\WXRC.EXE.INTERMEDIATE.MANIFEST
C:\MCDU WORKSPACE\SDU781_UDP_MCDUSIM\AERO\CPREWORK\MCDUSIM\WXRC-UTIL\VC_MSWU\WXRC\WXRC.OBJ
C:\MCDU WORKSPACE\SDU781_UDP_MCDUSIM\AERO\CPREWORK\MCDUSIM\WXRC-UTIL\VC_MSWU\WXRC\WXRC.RES
C:\MCDU workspace\sdu781_udp_mcdusim\Aero\cprework\mcdusim\wxrc-util\vc_mswu\wxrc\wxrc.write.1.tlog
C:\MCDU workspace\sdu781_udp_mcdusim\Aero\cprework\mcdusim\wxrc-util\vc_mswu\wxrc\wxrc_vc8.vcxprojResolveAssemblyReference.cache
vc_mswu\wxrc.pdb
