vc_mswud\wxrc.pdb
Y:\P_COMMNAV\PROJECTS\IMMR_AIRBUS\BENCH\MCDUSIM\MCDUSIM\WXRC-UTIL\VC_MSWUD\WXRC.PDB
Y:\P_CommNav\Projects\IMMR_Airbus\Bench\MCDUsim\mcdusim\wxrc-util\vc_mswud\wxrc\cl.command.1.tlog
Y:\P_CommNav\Projects\IMMR_Airbus\Bench\MCDUsim\mcdusim\wxrc-util\vc_mswud\wxrc\CL.read.1.tlog
Y:\P_CommNav\Projects\IMMR_Airbus\Bench\MCDUsim\mcdusim\wxrc-util\vc_mswud\wxrc\CL.write.1.tlog
Y:\P_CommNav\Projects\IMMR_Airbus\Bench\MCDUsim\mcdusim\wxrc-util\vc_mswud\wxrc\link.command.1.tlog
Y:\P_CommNav\Projects\IMMR_Airbus\Bench\MCDUsim\mcdusim\wxrc-util\vc_mswud\wxrc\link.read.1.tlog
Y:\P_CommNav\Projects\IMMR_Airbus\Bench\MCDUsim\mcdusim\wxrc-util\vc_mswud\wxrc\link.write.1.tlog
Y:\P_CommNav\Projects\IMMR_Airbus\Bench\MCDUsim\mcdusim\wxrc-util\vc_mswud\wxrc\link-cvtres.read.1.tlog
Y:\P_CommNav\Projects\IMMR_Airbus\Bench\MCDUsim\mcdusim\wxrc-util\vc_mswud\wxrc\link-cvtres.write.1.tlog
Y:\P_CommNav\Projects\IMMR_Airbus\Bench\MCDUsim\mcdusim\wxrc-util\vc_mswud\wxrc\rc.command.1.tlog
Y:\P_CommNav\Projects\IMMR_Airbus\Bench\MCDUsim\mcdusim\wxrc-util\vc_mswud\wxrc\rc.read.1.tlog
Y:\P_CommNav\Projects\IMMR_Airbus\Bench\MCDUsim\mcdusim\wxrc-util\vc_mswud\wxrc\rc.write.1.tlog
Y:\P_CommNav\Projects\IMMR_Airbus\Bench\MCDUsim\mcdusim\wxrc-util\vc_mswud\wxrc\wxrc.exe.embed.manifest
Y:\P_CommNav\Projects\IMMR_Airbus\Bench\MCDUsim\mcdusim\wxrc-util\vc_mswud\wxrc\wxrc.exe.embed.manifest.res
Y:\P_CommNav\Projects\IMMR_Airbus\Bench\MCDUsim\mcdusim\wxrc-util\vc_mswud\wxrc\wxrc.exe.intermediate.manifest
Y:\P_COMMNAV\PROJECTS\IMMR_AIRBUS\BENCH\MCDUSIM\MCDUSIM\WXRC-UTIL\VC_MSWUD\WXRC\WXRC.OBJ
Y:\P_COMMNAV\PROJECTS\IMMR_AIRBUS\BENCH\MCDUSIM\MCDUSIM\WXRC-UTIL\VC_MSWUD\WXRC\WXRC.RES
Y:\P_CommNav\Projects\IMMR_Airbus\Bench\MCDUsim\mcdusim\wxrc-util\vc_mswud\wxrc\wxrc.write.1.tlog
Y:\P_CommNav\Projects\IMMR_Airbus\Bench\MCDUsim\mcdusim\wxrc-util\vc_mswud\wxrc\wxrc_manifest.rc
